<?xml version="1.0" encoding="UTF-8"?>
<testng-results ignored="0" total="2" passed="2" failed="0" skipped="0">
  <reporter-output>
  </reporter-output>
  <suite started-at="2024-05-24T13:04:46 IST" name="Suite" finished-at="2024-05-24T13:05:09 IST" duration-ms="22246">
    <groups>
    </groups>
    <test started-at="2024-05-24T13:04:46 IST" name="Test" finished-at="2024-05-24T13:05:09 IST" duration-ms="22246">
      <class name="testpack.OverViewTest">
        <test-method is-config="true" signature="getExtentReport()[pri:0, instance:testpack.OverViewTest@441772e]" started-at="2024-05-24T13:04:46 IST" name="getExtentReport" finished-at="2024-05-24T13:04:46 IST" duration-ms="284" status="PASS">
          <reporter-output>
          </reporter-output>
        </test-method> <!-- getExtentReport -->
        <test-method is-config="true" signature="setup(java.lang.String)[pri:0, instance:testpack.OverViewTest@441772e]" started-at="2024-05-24T13:04:46 IST" name="setup" finished-at="2024-05-24T13:04:50 IST" duration-ms="3735" status="PASS">
          <params>
            <param index="0">
              <value>
                <![CDATA[edge]]>
              </value>
            </param>
          </params>
          <reporter-output>
          </reporter-output>
        </test-method> <!-- setup -->
        <test-method is-config="true" signature="startUp()[pri:0, instance:testpack.OverViewTest@441772e]" started-at="2024-05-24T13:04:50 IST" name="startUp" finished-at="2024-05-24T13:05:02 IST" duration-ms="11806" status="PASS">
          <reporter-output>
          </reporter-output>
        </test-method> <!-- startUp -->
        <test-method signature="toGetSummaryinfo()[pri:1, instance:testpack.OverViewTest@441772e]" started-at="2024-05-24T13:05:02 IST" name="toGetSummaryinfo" finished-at="2024-05-24T13:05:06 IST" duration-ms="4228" status="PASS">
          <reporter-output>
          </reporter-output>
        </test-method> <!-- toGetSummaryinfo -->
        <test-method signature="toFinishShopping()[pri:2, instance:testpack.OverViewTest@441772e]" started-at="2024-05-24T13:05:06 IST" name="toFinishShopping" finished-at="2024-05-24T13:05:08 IST" duration-ms="2173" status="PASS">
          <reporter-output>
          </reporter-output>
        </test-method> <!-- toFinishShopping -->
        <test-method is-config="true" signature="tearOut()[pri:0, instance:testpack.OverViewTest@441772e]" started-at="2024-05-24T13:05:08 IST" name="tearOut" finished-at="2024-05-24T13:05:09 IST" duration-ms="266" status="PASS">
          <reporter-output>
          </reporter-output>
        </test-method> <!-- tearOut -->
        <test-method is-config="true" signature="flushOut()[pri:0, instance:testpack.OverViewTest@441772e]" started-at="2024-05-24T13:05:09 IST" name="flushOut" finished-at="2024-05-24T13:05:09 IST" duration-ms="339" status="PASS">
          <reporter-output>
          </reporter-output>
        </test-method> <!-- flushOut -->
      </class> <!-- testpack.OverViewTest -->
    </test> <!-- Test -->
  </suite> <!-- Suite -->
</testng-results>
