<?xml version="1.0" encoding="UTF-8"?>
<testng-results ignored="0" total="2" passed="2" failed="0" skipped="0">
  <reporter-output>
  </reporter-output>
  <suite started-at="2024-02-07T11:43:11 IST" name="Default suite" finished-at="2024-02-07T11:43:32 IST" duration-ms="21230">
    <groups>
    </groups>
    <test started-at="2024-02-07T11:43:11 IST" name="Default test" finished-at="2024-02-07T11:43:32 IST" duration-ms="21230">
      <class name="testpack.OverViewTest">
        <test-method is-config="true" signature="getExtentReport()[pri:0, instance:testpack.OverViewTest@38cee291]" started-at="2024-02-07T11:43:11 IST" name="getExtentReport" finished-at="2024-02-07T11:43:11 IST" duration-ms="285" status="PASS">
          <reporter-output>
          </reporter-output>
        </test-method> <!-- getExtentReport -->
        <test-method is-config="true" signature="setup()[pri:0, instance:testpack.OverViewTest@38cee291]" started-at="2024-02-07T11:43:11 IST" name="setup" finished-at="2024-02-07T11:43:14 IST" duration-ms="3091" status="PASS">
          <reporter-output>
          </reporter-output>
        </test-method> <!-- setup -->
        <test-method is-config="true" signature="startUp()[pri:0, instance:testpack.OverViewTest@38cee291]" started-at="2024-02-07T11:43:14 IST" name="startUp" finished-at="2024-02-07T11:43:26 IST" duration-ms="11550" status="PASS">
          <reporter-output>
          </reporter-output>
        </test-method> <!-- startUp -->
        <test-method signature="toGetSummaryinfo()[pri:1, instance:testpack.OverViewTest@38cee291]" started-at="2024-02-07T11:43:26 IST" name="toGetSummaryinfo" finished-at="2024-02-07T11:43:30 IST" duration-ms="4210" status="PASS">
          <reporter-output>
          </reporter-output>
        </test-method> <!-- toGetSummaryinfo -->
        <test-method signature="toFinishShopping()[pri:2, instance:testpack.OverViewTest@38cee291]" started-at="2024-02-07T11:43:30 IST" name="toFinishShopping" finished-at="2024-02-07T11:43:32 IST" duration-ms="2178" status="PASS">
          <reporter-output>
          </reporter-output>
        </test-method> <!-- toFinishShopping -->
        <test-method is-config="true" signature="tearOut()[pri:0, instance:testpack.OverViewTest@38cee291]" started-at="2024-02-07T11:43:32 IST" name="tearOut" finished-at="2024-02-07T11:43:32 IST" duration-ms="160" status="PASS">
          <reporter-output>
          </reporter-output>
        </test-method> <!-- tearOut -->
        <test-method is-config="true" signature="flushOut()[pri:0, instance:testpack.OverViewTest@38cee291]" started-at="2024-02-07T11:43:32 IST" name="flushOut" finished-at="2024-02-07T11:43:33 IST" duration-ms="300" status="PASS">
          <reporter-output>
          </reporter-output>
        </test-method> <!-- flushOut -->
      </class> <!-- testpack.OverViewTest -->
    </test> <!-- Default test -->
  </suite> <!-- Default suite -->
</testng-results>
