<?xml version="1.0" encoding="UTF-8"?>
<testng-results ignored="0" total="3" passed="3" failed="0" skipped="0">
  <reporter-output>
  </reporter-output>
  <suite started-at="2024-02-12T23:32:54 IST" name="Suite" finished-at="2024-02-12T23:33:51 IST" duration-ms="57266">
    <groups>
    </groups>
    <test started-at="2024-02-12T23:32:54 IST" name="ChromeTest" finished-at="2024-02-12T23:33:11 IST" duration-ms="17601">
      <class name="utility.GridTest">
        <test-method signature="toGetGrid(java.lang.String)[pri:0, instance:utility.GridTest@82de64a]" started-at="2024-02-12T23:32:54 IST" name="toGetGrid" finished-at="2024-02-12T23:33:11 IST" duration-ms="17553" status="PASS">
          <params>
            <param index="0">
              <value>
                <![CDATA[Chrome]]>
              </value>
            </param>
          </params>
          <reporter-output>
          </reporter-output>
        </test-method> <!-- toGetGrid -->
      </class> <!-- utility.GridTest -->
    </test> <!-- ChromeTest -->
    <test started-at="2024-02-12T23:33:12 IST" name="FirefoxTest" finished-at="2024-02-12T23:33:30 IST" duration-ms="18511">
      <class name="utility.GridTest">
        <test-method signature="toGetGrid(java.lang.String)[pri:0, instance:utility.GridTest@644baf4a]" started-at="2024-02-12T23:33:12 IST" name="toGetGrid" finished-at="2024-02-12T23:33:30 IST" duration-ms="18499" status="PASS">
          <params>
            <param index="0">
              <value>
                <![CDATA[Firefox]]>
              </value>
            </param>
          </params>
          <reporter-output>
          </reporter-output>
        </test-method> <!-- toGetGrid -->
      </class> <!-- utility.GridTest -->
    </test> <!-- FirefoxTest -->
    <test started-at="2024-02-12T23:33:30 IST" name="EdgeTest" finished-at="2024-02-12T23:33:51 IST" duration-ms="21051">
      <class name="utility.GridTest">
        <test-method signature="toGetGrid(java.lang.String)[pri:0, instance:utility.GridTest@54c5a2ff]" started-at="2024-02-12T23:33:30 IST" name="toGetGrid" finished-at="2024-02-12T23:33:51 IST" duration-ms="21039" status="PASS">
          <params>
            <param index="0">
              <value>
                <![CDATA[Edge]]>
              </value>
            </param>
          </params>
          <reporter-output>
          </reporter-output>
        </test-method> <!-- toGetGrid -->
      </class> <!-- utility.GridTest -->
    </test> <!-- EdgeTest -->
  </suite> <!-- Suite -->
</testng-results>
